CRITICAL - 2024-11-20 15:00:01 --> Error: Undefined constant "CSS"
[Method: GET, Route: landing]
in APPPATH\Views\components\top_layer.php on line 20.
 1 SYSTEMPATH\View\View.php(234): include()
 2 SYSTEMPATH\View\View.php(237): CodeIgniter\View\View->CodeIgniter\View\{closure}()
 3 SYSTEMPATH\View\View.php(487): CodeIgniter\View\View->render('components/top_layer', null, true)
 4 APPPATH\Views\layout\landing_layout.php(1): CodeIgniter\View\View->include('components/top_layer')
 5 SYSTEMPATH\View\View.php(234): include('C:\\xampp\\htdocs\\WST---KeithNetic---Summative\\app\\Views\\layout\\landing_layout.php')
 6 SYSTEMPATH\View\View.php(237): CodeIgniter\View\View->CodeIgniter\View\{closure}()
 7 SYSTEMPATH\View\View.php(487): CodeIgniter\View\View->render('layout/landing_layout', null, true)
 8 APPPATH\Views\landing.php(1): CodeIgniter\View\View->include('layout/landing_layout')
 9 SYSTEMPATH\View\View.php(234): include('C:\\xampp\\htdocs\\WST---KeithNetic---Summative\\app\\Views\\landing.php')
10 SYSTEMPATH\View\View.php(237): CodeIgniter\View\View->CodeIgniter\View\{closure}()
11 SYSTEMPATH\Common.php(1171): CodeIgniter\View\View->render('landing', [], true)
12 APPPATH\Controllers\Home.php(14): view('landing')
13 SYSTEMPATH\CodeIgniter.php(933): App\Controllers\Home->landing()
14 SYSTEMPATH\CodeIgniter.php(509): CodeIgniter\CodeIgniter->runController(Object(App\Controllers\Home))
15 SYSTEMPATH\CodeIgniter.php(355): CodeIgniter\CodeIgniter->handleRequest(null, Object(Config\Cache), false)
16 SYSTEMPATH\Boot.php(325): CodeIgniter\CodeIgniter->run()
17 SYSTEMPATH\Boot.php(67): CodeIgniter\Boot::runCodeIgniter(Object(CodeIgniter\CodeIgniter))
18 FCPATH\index.php(56): CodeIgniter\Boot::bootWeb(Object(Config\Paths))
CRITICAL - 2024-11-20 15:00:10 --> Error: Undefined constant "CSS"
[Method: GET, Route: landing]
in APPPATH\Views\components\top_layer.php on line 20.
 1 SYSTEMPATH\View\View.php(234): include()
 2 SYSTEMPATH\View\View.php(237): CodeIgniter\View\View->CodeIgniter\View\{closure}()
 3 SYSTEMPATH\View\View.php(487): CodeIgniter\View\View->render('components/top_layer', null, true)
 4 APPPATH\Views\layout\landing_layout.php(1): CodeIgniter\View\View->include('components/top_layer')
 5 SYSTEMPATH\View\View.php(234): include('C:\\xampp\\htdocs\\WST---KeithNetic---Summative\\app\\Views\\layout\\landing_layout.php')
 6 SYSTEMPATH\View\View.php(237): CodeIgniter\View\View->CodeIgniter\View\{closure}()
 7 SYSTEMPATH\View\View.php(487): CodeIgniter\View\View->render('layout/landing_layout', null, true)
 8 APPPATH\Views\landing.php(1): CodeIgniter\View\View->include('layout/landing_layout')
 9 SYSTEMPATH\View\View.php(234): include('C:\\xampp\\htdocs\\WST---KeithNetic---Summative\\app\\Views\\landing.php')
10 SYSTEMPATH\View\View.php(237): CodeIgniter\View\View->CodeIgniter\View\{closure}()
11 SYSTEMPATH\Common.php(1171): CodeIgniter\View\View->render('landing', [], true)
12 APPPATH\Controllers\Home.php(14): view('landing')
13 SYSTEMPATH\CodeIgniter.php(933): App\Controllers\Home->landing()
14 SYSTEMPATH\CodeIgniter.php(509): CodeIgniter\CodeIgniter->runController(Object(App\Controllers\Home))
15 SYSTEMPATH\CodeIgniter.php(355): CodeIgniter\CodeIgniter->handleRequest(null, Object(Config\Cache), false)
16 SYSTEMPATH\Boot.php(325): CodeIgniter\CodeIgniter->run()
17 SYSTEMPATH\Boot.php(67): CodeIgniter\Boot::runCodeIgniter(Object(CodeIgniter\CodeIgniter))
18 FCPATH\index.php(56): CodeIgniter\Boot::bootWeb(Object(Config\Paths))
CRITICAL - 2024-11-20 15:00:18 --> Error: Undefined constant "CSS"
[Method: GET, Route: landing]
in APPPATH\Views\components\top_layer.php on line 20.
 1 SYSTEMPATH\View\View.php(234): include()
 2 SYSTEMPATH\View\View.php(237): CodeIgniter\View\View->CodeIgniter\View\{closure}()
 3 SYSTEMPATH\View\View.php(487): CodeIgniter\View\View->render('components/top_layer', null, true)
 4 APPPATH\Views\layout\landing_layout.php(1): CodeIgniter\View\View->include('components/top_layer')
 5 SYSTEMPATH\View\View.php(234): include('C:\\xampp\\htdocs\\WST---KeithNetic---Summative\\app\\Views\\layout\\landing_layout.php')
 6 SYSTEMPATH\View\View.php(237): CodeIgniter\View\View->CodeIgniter\View\{closure}()
 7 SYSTEMPATH\View\View.php(487): CodeIgniter\View\View->render('layout/landing_layout', null, true)
 8 APPPATH\Views\landing.php(1): CodeIgniter\View\View->include('layout/landing_layout')
 9 SYSTEMPATH\View\View.php(234): include('C:\\xampp\\htdocs\\WST---KeithNetic---Summative\\app\\Views\\landing.php')
10 SYSTEMPATH\View\View.php(237): CodeIgniter\View\View->CodeIgniter\View\{closure}()
11 SYSTEMPATH\Common.php(1171): CodeIgniter\View\View->render('landing', [], true)
12 APPPATH\Controllers\Home.php(14): view('landing')
13 SYSTEMPATH\CodeIgniter.php(933): App\Controllers\Home->landing()
14 SYSTEMPATH\CodeIgniter.php(509): CodeIgniter\CodeIgniter->runController(Object(App\Controllers\Home))
15 SYSTEMPATH\CodeIgniter.php(355): CodeIgniter\CodeIgniter->handleRequest(null, Object(Config\Cache), false)
16 SYSTEMPATH\Boot.php(325): CodeIgniter\CodeIgniter->run()
17 SYSTEMPATH\Boot.php(67): CodeIgniter\Boot::runCodeIgniter(Object(CodeIgniter\CodeIgniter))
18 FCPATH\index.php(56): CodeIgniter\Boot::bootWeb(Object(Config\Paths))
CRITICAL - 2024-11-20 15:02:01 --> Error: Undefined constant "CSS"
[Method: GET, Route: landing]
in APPPATH\Views\components\top_layer.php on line 20.
 1 SYSTEMPATH\View\View.php(234): include()
 2 SYSTEMPATH\View\View.php(237): CodeIgniter\View\View->CodeIgniter\View\{closure}()
 3 SYSTEMPATH\View\View.php(487): CodeIgniter\View\View->render('components/top_layer', null, true)
 4 APPPATH\Views\layout\landing_layout.php(1): CodeIgniter\View\View->include('components/top_layer')
 5 SYSTEMPATH\View\View.php(234): include('C:\\xampp\\htdocs\\WST---KeithNetic---Summative\\app\\Views\\layout\\landing_layout.php')
 6 SYSTEMPATH\View\View.php(237): CodeIgniter\View\View->CodeIgniter\View\{closure}()
 7 SYSTEMPATH\View\View.php(487): CodeIgniter\View\View->render('layout/landing_layout', null, true)
 8 APPPATH\Views\landing.php(1): CodeIgniter\View\View->include('layout/landing_layout')
 9 SYSTEMPATH\View\View.php(234): include('C:\\xampp\\htdocs\\WST---KeithNetic---Summative\\app\\Views\\landing.php')
10 SYSTEMPATH\View\View.php(237): CodeIgniter\View\View->CodeIgniter\View\{closure}()
11 SYSTEMPATH\Common.php(1171): CodeIgniter\View\View->render('landing', [], true)
12 APPPATH\Controllers\Home.php(14): view('landing')
13 SYSTEMPATH\CodeIgniter.php(933): App\Controllers\Home->landing()
14 SYSTEMPATH\CodeIgniter.php(509): CodeIgniter\CodeIgniter->runController(Object(App\Controllers\Home))
15 SYSTEMPATH\CodeIgniter.php(355): CodeIgniter\CodeIgniter->handleRequest(null, Object(Config\Cache), false)
16 SYSTEMPATH\Boot.php(325): CodeIgniter\CodeIgniter->run()
17 SYSTEMPATH\Boot.php(67): CodeIgniter\Boot::runCodeIgniter(Object(CodeIgniter\CodeIgniter))
18 FCPATH\index.php(56): CodeIgniter\Boot::bootWeb(Object(Config\Paths))
CRITICAL - 2024-11-20 15:02:01 --> Error: Undefined constant "CSS"
[Method: GET, Route: landing]
in APPPATH\Views\components\top_layer.php on line 20.
 1 SYSTEMPATH\View\View.php(234): include()
 2 SYSTEMPATH\View\View.php(237): CodeIgniter\View\View->CodeIgniter\View\{closure}()
 3 SYSTEMPATH\View\View.php(487): CodeIgniter\View\View->render('components/top_layer', null, true)
 4 APPPATH\Views\layout\landing_layout.php(1): CodeIgniter\View\View->include('components/top_layer')
 5 SYSTEMPATH\View\View.php(234): include('C:\\xampp\\htdocs\\WST---KeithNetic---Summative\\app\\Views\\layout\\landing_layout.php')
 6 SYSTEMPATH\View\View.php(237): CodeIgniter\View\View->CodeIgniter\View\{closure}()
 7 SYSTEMPATH\View\View.php(487): CodeIgniter\View\View->render('layout/landing_layout', null, true)
 8 APPPATH\Views\landing.php(1): CodeIgniter\View\View->include('layout/landing_layout')
 9 SYSTEMPATH\View\View.php(234): include('C:\\xampp\\htdocs\\WST---KeithNetic---Summative\\app\\Views\\landing.php')
10 SYSTEMPATH\View\View.php(237): CodeIgniter\View\View->CodeIgniter\View\{closure}()
11 SYSTEMPATH\Common.php(1171): CodeIgniter\View\View->render('landing', [], true)
12 APPPATH\Controllers\Home.php(14): view('landing')
13 SYSTEMPATH\CodeIgniter.php(933): App\Controllers\Home->landing()
14 SYSTEMPATH\CodeIgniter.php(509): CodeIgniter\CodeIgniter->runController(Object(App\Controllers\Home))
15 SYSTEMPATH\CodeIgniter.php(355): CodeIgniter\CodeIgniter->handleRequest(null, Object(Config\Cache), false)
16 SYSTEMPATH\Boot.php(325): CodeIgniter\CodeIgniter->run()
17 SYSTEMPATH\Boot.php(67): CodeIgniter\Boot::runCodeIgniter(Object(CodeIgniter\CodeIgniter))
18 FCPATH\index.php(56): CodeIgniter\Boot::bootWeb(Object(Config\Paths))
CRITICAL - 2024-11-20 15:02:02 --> Error: Undefined constant "CSS"
[Method: GET, Route: landing]
in APPPATH\Views\components\top_layer.php on line 20.
 1 SYSTEMPATH\View\View.php(234): include()
 2 SYSTEMPATH\View\View.php(237): CodeIgniter\View\View->CodeIgniter\View\{closure}()
 3 SYSTEMPATH\View\View.php(487): CodeIgniter\View\View->render('components/top_layer', null, true)
 4 APPPATH\Views\layout\landing_layout.php(1): CodeIgniter\View\View->include('components/top_layer')
 5 SYSTEMPATH\View\View.php(234): include('C:\\xampp\\htdocs\\WST---KeithNetic---Summative\\app\\Views\\layout\\landing_layout.php')
 6 SYSTEMPATH\View\View.php(237): CodeIgniter\View\View->CodeIgniter\View\{closure}()
 7 SYSTEMPATH\View\View.php(487): CodeIgniter\View\View->render('layout/landing_layout', null, true)
 8 APPPATH\Views\landing.php(1): CodeIgniter\View\View->include('layout/landing_layout')
 9 SYSTEMPATH\View\View.php(234): include('C:\\xampp\\htdocs\\WST---KeithNetic---Summative\\app\\Views\\landing.php')
10 SYSTEMPATH\View\View.php(237): CodeIgniter\View\View->CodeIgniter\View\{closure}()
11 SYSTEMPATH\Common.php(1171): CodeIgniter\View\View->render('landing', [], true)
12 APPPATH\Controllers\Home.php(14): view('landing')
13 SYSTEMPATH\CodeIgniter.php(933): App\Controllers\Home->landing()
14 SYSTEMPATH\CodeIgniter.php(509): CodeIgniter\CodeIgniter->runController(Object(App\Controllers\Home))
15 SYSTEMPATH\CodeIgniter.php(355): CodeIgniter\CodeIgniter->handleRequest(null, Object(Config\Cache), false)
16 SYSTEMPATH\Boot.php(325): CodeIgniter\CodeIgniter->run()
17 SYSTEMPATH\Boot.php(67): CodeIgniter\Boot::runCodeIgniter(Object(CodeIgniter\CodeIgniter))
18 FCPATH\index.php(56): CodeIgniter\Boot::bootWeb(Object(Config\Paths))
CRITICAL - 2024-11-20 15:02:02 --> Error: Undefined constant "CSS"
[Method: GET, Route: landing]
in APPPATH\Views\components\top_layer.php on line 20.
 1 SYSTEMPATH\View\View.php(234): include()
 2 SYSTEMPATH\View\View.php(237): CodeIgniter\View\View->CodeIgniter\View\{closure}()
 3 SYSTEMPATH\View\View.php(487): CodeIgniter\View\View->render('components/top_layer', null, true)
 4 APPPATH\Views\layout\landing_layout.php(1): CodeIgniter\View\View->include('components/top_layer')
 5 SYSTEMPATH\View\View.php(234): include('C:\\xampp\\htdocs\\WST---KeithNetic---Summative\\app\\Views\\layout\\landing_layout.php')
 6 SYSTEMPATH\View\View.php(237): CodeIgniter\View\View->CodeIgniter\View\{closure}()
 7 SYSTEMPATH\View\View.php(487): CodeIgniter\View\View->render('layout/landing_layout', null, true)
 8 APPPATH\Views\landing.php(1): CodeIgniter\View\View->include('layout/landing_layout')
 9 SYSTEMPATH\View\View.php(234): include('C:\\xampp\\htdocs\\WST---KeithNetic---Summative\\app\\Views\\landing.php')
10 SYSTEMPATH\View\View.php(237): CodeIgniter\View\View->CodeIgniter\View\{closure}()
11 SYSTEMPATH\Common.php(1171): CodeIgniter\View\View->render('landing', [], true)
12 APPPATH\Controllers\Home.php(14): view('landing')
13 SYSTEMPATH\CodeIgniter.php(933): App\Controllers\Home->landing()
14 SYSTEMPATH\CodeIgniter.php(509): CodeIgniter\CodeIgniter->runController(Object(App\Controllers\Home))
15 SYSTEMPATH\CodeIgniter.php(355): CodeIgniter\CodeIgniter->handleRequest(null, Object(Config\Cache), false)
16 SYSTEMPATH\Boot.php(325): CodeIgniter\CodeIgniter->run()
17 SYSTEMPATH\Boot.php(67): CodeIgniter\Boot::runCodeIgniter(Object(CodeIgniter\CodeIgniter))
18 FCPATH\index.php(56): CodeIgniter\Boot::bootWeb(Object(Config\Paths))
CRITICAL - 2024-11-20 15:02:02 --> Error: Undefined constant "CSS"
[Method: GET, Route: landing]
in APPPATH\Views\components\top_layer.php on line 20.
 1 SYSTEMPATH\View\View.php(234): include()
 2 SYSTEMPATH\View\View.php(237): CodeIgniter\View\View->CodeIgniter\View\{closure}()
 3 SYSTEMPATH\View\View.php(487): CodeIgniter\View\View->render('components/top_layer', null, true)
 4 APPPATH\Views\layout\landing_layout.php(1): CodeIgniter\View\View->include('components/top_layer')
 5 SYSTEMPATH\View\View.php(234): include('C:\\xampp\\htdocs\\WST---KeithNetic---Summative\\app\\Views\\layout\\landing_layout.php')
 6 SYSTEMPATH\View\View.php(237): CodeIgniter\View\View->CodeIgniter\View\{closure}()
 7 SYSTEMPATH\View\View.php(487): CodeIgniter\View\View->render('layout/landing_layout', null, true)
 8 APPPATH\Views\landing.php(1): CodeIgniter\View\View->include('layout/landing_layout')
 9 SYSTEMPATH\View\View.php(234): include('C:\\xampp\\htdocs\\WST---KeithNetic---Summative\\app\\Views\\landing.php')
10 SYSTEMPATH\View\View.php(237): CodeIgniter\View\View->CodeIgniter\View\{closure}()
11 SYSTEMPATH\Common.php(1171): CodeIgniter\View\View->render('landing', [], true)
12 APPPATH\Controllers\Home.php(14): view('landing')
13 SYSTEMPATH\CodeIgniter.php(933): App\Controllers\Home->landing()
14 SYSTEMPATH\CodeIgniter.php(509): CodeIgniter\CodeIgniter->runController(Object(App\Controllers\Home))
15 SYSTEMPATH\CodeIgniter.php(355): CodeIgniter\CodeIgniter->handleRequest(null, Object(Config\Cache), false)
16 SYSTEMPATH\Boot.php(325): CodeIgniter\CodeIgniter->run()
17 SYSTEMPATH\Boot.php(67): CodeIgniter\Boot::runCodeIgniter(Object(CodeIgniter\CodeIgniter))
18 FCPATH\index.php(56): CodeIgniter\Boot::bootWeb(Object(Config\Paths))
CRITICAL - 2024-11-20 15:04:30 --> Error: Undefined constant "CSS"
[Method: GET, Route: /]
in APPPATH\Views\components\top_layer.php on line 20.
 1 SYSTEMPATH\View\View.php(234): include()
 2 SYSTEMPATH\View\View.php(237): CodeIgniter\View\View->CodeIgniter\View\{closure}()
 3 SYSTEMPATH\View\View.php(487): CodeIgniter\View\View->render('components/top_layer', null, true)
 4 APPPATH\Views\layout\landing_layout.php(1): CodeIgniter\View\View->include('components/top_layer')
 5 SYSTEMPATH\View\View.php(234): include('C:\\xampp\\htdocs\\WST---KeithNetic---Summative\\app\\Views\\layout\\landing_layout.php')
 6 SYSTEMPATH\View\View.php(237): CodeIgniter\View\View->CodeIgniter\View\{closure}()
 7 SYSTEMPATH\View\View.php(487): CodeIgniter\View\View->render('layout/landing_layout', null, true)
 8 APPPATH\Views\landing.php(1): CodeIgniter\View\View->include('layout/landing_layout')
 9 SYSTEMPATH\View\View.php(234): include('C:\\xampp\\htdocs\\WST---KeithNetic---Summative\\app\\Views\\landing.php')
10 SYSTEMPATH\View\View.php(237): CodeIgniter\View\View->CodeIgniter\View\{closure}()
11 SYSTEMPATH\Common.php(1171): CodeIgniter\View\View->render('landing', [], true)
12 APPPATH\Controllers\Home.php(9): view('landing')
13 SYSTEMPATH\CodeIgniter.php(933): App\Controllers\Home->landing()
14 SYSTEMPATH\CodeIgniter.php(509): CodeIgniter\CodeIgniter->runController(Object(App\Controllers\Home))
15 SYSTEMPATH\CodeIgniter.php(355): CodeIgniter\CodeIgniter->handleRequest(null, Object(Config\Cache), false)
16 SYSTEMPATH\Boot.php(325): CodeIgniter\CodeIgniter->run()
17 SYSTEMPATH\Boot.php(67): CodeIgniter\Boot::runCodeIgniter(Object(CodeIgniter\CodeIgniter))
18 FCPATH\index.php(56): CodeIgniter\Boot::bootWeb(Object(Config\Paths))
CRITICAL - 2024-11-20 15:04:50 --> Error: Undefined constant "CSS"
[Method: GET, Route: landing]
in APPPATH\Views\components\top_layer.php on line 20.
 1 SYSTEMPATH\View\View.php(234): include()
 2 SYSTEMPATH\View\View.php(237): CodeIgniter\View\View->CodeIgniter\View\{closure}()
 3 SYSTEMPATH\View\View.php(487): CodeIgniter\View\View->render('components/top_layer', null, true)
 4 APPPATH\Views\layout\landing_layout.php(1): CodeIgniter\View\View->include('components/top_layer')
 5 SYSTEMPATH\View\View.php(234): include('C:\\xampp\\htdocs\\WST---KeithNetic---Summative\\app\\Views\\layout\\landing_layout.php')
 6 SYSTEMPATH\View\View.php(237): CodeIgniter\View\View->CodeIgniter\View\{closure}()
 7 SYSTEMPATH\View\View.php(487): CodeIgniter\View\View->render('layout/landing_layout', null, true)
 8 APPPATH\Views\landing.php(1): CodeIgniter\View\View->include('layout/landing_layout')
 9 SYSTEMPATH\View\View.php(234): include('C:\\xampp\\htdocs\\WST---KeithNetic---Summative\\app\\Views\\landing.php')
10 SYSTEMPATH\View\View.php(237): CodeIgniter\View\View->CodeIgniter\View\{closure}()
11 SYSTEMPATH\Common.php(1171): CodeIgniter\View\View->render('landing', [], true)
12 APPPATH\Controllers\Home.php(9): view('landing')
13 SYSTEMPATH\CodeIgniter.php(933): App\Controllers\Home->landing()
14 SYSTEMPATH\CodeIgniter.php(509): CodeIgniter\CodeIgniter->runController(Object(App\Controllers\Home))
15 SYSTEMPATH\CodeIgniter.php(355): CodeIgniter\CodeIgniter->handleRequest(null, Object(Config\Cache), false)
16 SYSTEMPATH\Boot.php(325): CodeIgniter\CodeIgniter->run()
17 SYSTEMPATH\Boot.php(67): CodeIgniter\Boot::runCodeIgniter(Object(CodeIgniter\CodeIgniter))
18 FCPATH\index.php(56): CodeIgniter\Boot::bootWeb(Object(Config\Paths))
CRITICAL - 2024-11-20 15:06:54 --> Error: Undefined constant "CSS"
[Method: GET, Route: landing]
in APPPATH\Views\components\top_layer.php on line 20.
 1 SYSTEMPATH\View\View.php(234): include()
 2 SYSTEMPATH\View\View.php(237): CodeIgniter\View\View->CodeIgniter\View\{closure}()
 3 SYSTEMPATH\View\View.php(487): CodeIgniter\View\View->render('components/top_layer', null, true)
 4 APPPATH\Views\layout\landing_layout.php(1): CodeIgniter\View\View->include('components/top_layer')
 5 SYSTEMPATH\View\View.php(234): include('C:\\xampp\\htdocs\\WST---KeithNetic---Summative\\app\\Views\\layout\\landing_layout.php')
 6 SYSTEMPATH\View\View.php(237): CodeIgniter\View\View->CodeIgniter\View\{closure}()
 7 SYSTEMPATH\View\View.php(487): CodeIgniter\View\View->render('layout/landing_layout', null, true)
 8 APPPATH\Views\landing.php(1): CodeIgniter\View\View->include('layout/landing_layout')
 9 SYSTEMPATH\View\View.php(234): include('C:\\xampp\\htdocs\\WST---KeithNetic---Summative\\app\\Views\\landing.php')
10 SYSTEMPATH\View\View.php(237): CodeIgniter\View\View->CodeIgniter\View\{closure}()
11 SYSTEMPATH\Common.php(1171): CodeIgniter\View\View->render('landing', [], true)
12 APPPATH\Controllers\Home.php(9): view('landing')
13 SYSTEMPATH\CodeIgniter.php(933): App\Controllers\Home->landing()
14 SYSTEMPATH\CodeIgniter.php(509): CodeIgniter\CodeIgniter->runController(Object(App\Controllers\Home))
15 SYSTEMPATH\CodeIgniter.php(355): CodeIgniter\CodeIgniter->handleRequest(null, Object(Config\Cache), false)
16 SYSTEMPATH\Boot.php(325): CodeIgniter\CodeIgniter->run()
17 SYSTEMPATH\Boot.php(67): CodeIgniter\Boot::runCodeIgniter(Object(CodeIgniter\CodeIgniter))
18 FCPATH\index.php(56): CodeIgniter\Boot::bootWeb(Object(Config\Paths))
CRITICAL - 2024-11-20 15:06:56 --> Error: Undefined constant "CSS"
[Method: GET, Route: landing]
in APPPATH\Views\components\top_layer.php on line 20.
 1 SYSTEMPATH\View\View.php(234): include()
 2 SYSTEMPATH\View\View.php(237): CodeIgniter\View\View->CodeIgniter\View\{closure}()
 3 SYSTEMPATH\View\View.php(487): CodeIgniter\View\View->render('components/top_layer', null, true)
 4 APPPATH\Views\layout\landing_layout.php(1): CodeIgniter\View\View->include('components/top_layer')
 5 SYSTEMPATH\View\View.php(234): include('C:\\xampp\\htdocs\\WST---KeithNetic---Summative\\app\\Views\\layout\\landing_layout.php')
 6 SYSTEMPATH\View\View.php(237): CodeIgniter\View\View->CodeIgniter\View\{closure}()
 7 SYSTEMPATH\View\View.php(487): CodeIgniter\View\View->render('layout/landing_layout', null, true)
 8 APPPATH\Views\landing.php(1): CodeIgniter\View\View->include('layout/landing_layout')
 9 SYSTEMPATH\View\View.php(234): include('C:\\xampp\\htdocs\\WST---KeithNetic---Summative\\app\\Views\\landing.php')
10 SYSTEMPATH\View\View.php(237): CodeIgniter\View\View->CodeIgniter\View\{closure}()
11 SYSTEMPATH\Common.php(1171): CodeIgniter\View\View->render('landing', [], true)
12 APPPATH\Controllers\Home.php(9): view('landing')
13 SYSTEMPATH\CodeIgniter.php(933): App\Controllers\Home->landing()
14 SYSTEMPATH\CodeIgniter.php(509): CodeIgniter\CodeIgniter->runController(Object(App\Controllers\Home))
15 SYSTEMPATH\CodeIgniter.php(355): CodeIgniter\CodeIgniter->handleRequest(null, Object(Config\Cache), false)
16 SYSTEMPATH\Boot.php(325): CodeIgniter\CodeIgniter->run()
17 SYSTEMPATH\Boot.php(67): CodeIgniter\Boot::runCodeIgniter(Object(CodeIgniter\CodeIgniter))
18 FCPATH\index.php(56): CodeIgniter\Boot::bootWeb(Object(Config\Paths))
CRITICAL - 2024-11-20 15:06:58 --> Error: Undefined constant "CSS"
[Method: GET, Route: landing]
in APPPATH\Views\components\top_layer.php on line 20.
 1 SYSTEMPATH\View\View.php(234): include()
 2 SYSTEMPATH\View\View.php(237): CodeIgniter\View\View->CodeIgniter\View\{closure}()
 3 SYSTEMPATH\View\View.php(487): CodeIgniter\View\View->render('components/top_layer', null, true)
 4 APPPATH\Views\layout\landing_layout.php(1): CodeIgniter\View\View->include('components/top_layer')
 5 SYSTEMPATH\View\View.php(234): include('C:\\xampp\\htdocs\\WST---KeithNetic---Summative\\app\\Views\\layout\\landing_layout.php')
 6 SYSTEMPATH\View\View.php(237): CodeIgniter\View\View->CodeIgniter\View\{closure}()
 7 SYSTEMPATH\View\View.php(487): CodeIgniter\View\View->render('layout/landing_layout', null, true)
 8 APPPATH\Views\landing.php(1): CodeIgniter\View\View->include('layout/landing_layout')
 9 SYSTEMPATH\View\View.php(234): include('C:\\xampp\\htdocs\\WST---KeithNetic---Summative\\app\\Views\\landing.php')
10 SYSTEMPATH\View\View.php(237): CodeIgniter\View\View->CodeIgniter\View\{closure}()
11 SYSTEMPATH\Common.php(1171): CodeIgniter\View\View->render('landing', [], true)
12 APPPATH\Controllers\Home.php(9): view('landing')
13 SYSTEMPATH\CodeIgniter.php(933): App\Controllers\Home->landing()
14 SYSTEMPATH\CodeIgniter.php(509): CodeIgniter\CodeIgniter->runController(Object(App\Controllers\Home))
15 SYSTEMPATH\CodeIgniter.php(355): CodeIgniter\CodeIgniter->handleRequest(null, Object(Config\Cache), false)
16 SYSTEMPATH\Boot.php(325): CodeIgniter\CodeIgniter->run()
17 SYSTEMPATH\Boot.php(67): CodeIgniter\Boot::runCodeIgniter(Object(CodeIgniter\CodeIgniter))
18 FCPATH\index.php(56): CodeIgniter\Boot::bootWeb(Object(Config\Paths))
CRITICAL - 2024-11-20 15:06:58 --> Error: Undefined constant "CSS"
[Method: GET, Route: landing]
in APPPATH\Views\components\top_layer.php on line 20.
 1 SYSTEMPATH\View\View.php(234): include()
 2 SYSTEMPATH\View\View.php(237): CodeIgniter\View\View->CodeIgniter\View\{closure}()
 3 SYSTEMPATH\View\View.php(487): CodeIgniter\View\View->render('components/top_layer', null, true)
 4 APPPATH\Views\layout\landing_layout.php(1): CodeIgniter\View\View->include('components/top_layer')
 5 SYSTEMPATH\View\View.php(234): include('C:\\xampp\\htdocs\\WST---KeithNetic---Summative\\app\\Views\\layout\\landing_layout.php')
 6 SYSTEMPATH\View\View.php(237): CodeIgniter\View\View->CodeIgniter\View\{closure}()
 7 SYSTEMPATH\View\View.php(487): CodeIgniter\View\View->render('layout/landing_layout', null, true)
 8 APPPATH\Views\landing.php(1): CodeIgniter\View\View->include('layout/landing_layout')
 9 SYSTEMPATH\View\View.php(234): include('C:\\xampp\\htdocs\\WST---KeithNetic---Summative\\app\\Views\\landing.php')
10 SYSTEMPATH\View\View.php(237): CodeIgniter\View\View->CodeIgniter\View\{closure}()
11 SYSTEMPATH\Common.php(1171): CodeIgniter\View\View->render('landing', [], true)
12 APPPATH\Controllers\Home.php(9): view('landing')
13 SYSTEMPATH\CodeIgniter.php(933): App\Controllers\Home->landing()
14 SYSTEMPATH\CodeIgniter.php(509): CodeIgniter\CodeIgniter->runController(Object(App\Controllers\Home))
15 SYSTEMPATH\CodeIgniter.php(355): CodeIgniter\CodeIgniter->handleRequest(null, Object(Config\Cache), false)
16 SYSTEMPATH\Boot.php(325): CodeIgniter\CodeIgniter->run()
17 SYSTEMPATH\Boot.php(67): CodeIgniter\Boot::runCodeIgniter(Object(CodeIgniter\CodeIgniter))
18 FCPATH\index.php(56): CodeIgniter\Boot::bootWeb(Object(Config\Paths))
CRITICAL - 2024-11-20 15:06:59 --> Error: Undefined constant "CSS"
[Method: GET, Route: landing]
in APPPATH\Views\components\top_layer.php on line 20.
 1 SYSTEMPATH\View\View.php(234): include()
 2 SYSTEMPATH\View\View.php(237): CodeIgniter\View\View->CodeIgniter\View\{closure}()
 3 SYSTEMPATH\View\View.php(487): CodeIgniter\View\View->render('components/top_layer', null, true)
 4 APPPATH\Views\layout\landing_layout.php(1): CodeIgniter\View\View->include('components/top_layer')
 5 SYSTEMPATH\View\View.php(234): include('C:\\xampp\\htdocs\\WST---KeithNetic---Summative\\app\\Views\\layout\\landing_layout.php')
 6 SYSTEMPATH\View\View.php(237): CodeIgniter\View\View->CodeIgniter\View\{closure}()
 7 SYSTEMPATH\View\View.php(487): CodeIgniter\View\View->render('layout/landing_layout', null, true)
 8 APPPATH\Views\landing.php(1): CodeIgniter\View\View->include('layout/landing_layout')
 9 SYSTEMPATH\View\View.php(234): include('C:\\xampp\\htdocs\\WST---KeithNetic---Summative\\app\\Views\\landing.php')
10 SYSTEMPATH\View\View.php(237): CodeIgniter\View\View->CodeIgniter\View\{closure}()
11 SYSTEMPATH\Common.php(1171): CodeIgniter\View\View->render('landing', [], true)
12 APPPATH\Controllers\Home.php(9): view('landing')
13 SYSTEMPATH\CodeIgniter.php(933): App\Controllers\Home->landing()
14 SYSTEMPATH\CodeIgniter.php(509): CodeIgniter\CodeIgniter->runController(Object(App\Controllers\Home))
15 SYSTEMPATH\CodeIgniter.php(355): CodeIgniter\CodeIgniter->handleRequest(null, Object(Config\Cache), false)
16 SYSTEMPATH\Boot.php(325): CodeIgniter\CodeIgniter->run()
17 SYSTEMPATH\Boot.php(67): CodeIgniter\Boot::runCodeIgniter(Object(CodeIgniter\CodeIgniter))
18 FCPATH\index.php(56): CodeIgniter\Boot::bootWeb(Object(Config\Paths))
CRITICAL - 2024-11-20 15:06:59 --> Error: Undefined constant "CSS"
[Method: GET, Route: landing]
in APPPATH\Views\components\top_layer.php on line 20.
 1 SYSTEMPATH\View\View.php(234): include()
 2 SYSTEMPATH\View\View.php(237): CodeIgniter\View\View->CodeIgniter\View\{closure}()
 3 SYSTEMPATH\View\View.php(487): CodeIgniter\View\View->render('components/top_layer', null, true)
 4 APPPATH\Views\layout\landing_layout.php(1): CodeIgniter\View\View->include('components/top_layer')
 5 SYSTEMPATH\View\View.php(234): include('C:\\xampp\\htdocs\\WST---KeithNetic---Summative\\app\\Views\\layout\\landing_layout.php')
 6 SYSTEMPATH\View\View.php(237): CodeIgniter\View\View->CodeIgniter\View\{closure}()
 7 SYSTEMPATH\View\View.php(487): CodeIgniter\View\View->render('layout/landing_layout', null, true)
 8 APPPATH\Views\landing.php(1): CodeIgniter\View\View->include('layout/landing_layout')
 9 SYSTEMPATH\View\View.php(234): include('C:\\xampp\\htdocs\\WST---KeithNetic---Summative\\app\\Views\\landing.php')
10 SYSTEMPATH\View\View.php(237): CodeIgniter\View\View->CodeIgniter\View\{closure}()
11 SYSTEMPATH\Common.php(1171): CodeIgniter\View\View->render('landing', [], true)
12 APPPATH\Controllers\Home.php(9): view('landing')
13 SYSTEMPATH\CodeIgniter.php(933): App\Controllers\Home->landing()
14 SYSTEMPATH\CodeIgniter.php(509): CodeIgniter\CodeIgniter->runController(Object(App\Controllers\Home))
15 SYSTEMPATH\CodeIgniter.php(355): CodeIgniter\CodeIgniter->handleRequest(null, Object(Config\Cache), false)
16 SYSTEMPATH\Boot.php(325): CodeIgniter\CodeIgniter->run()
17 SYSTEMPATH\Boot.php(67): CodeIgniter\Boot::runCodeIgniter(Object(CodeIgniter\CodeIgniter))
18 FCPATH\index.php(56): CodeIgniter\Boot::bootWeb(Object(Config\Paths))
CRITICAL - 2024-11-20 15:06:59 --> Error: Undefined constant "CSS"
[Method: GET, Route: landing]
in APPPATH\Views\components\top_layer.php on line 20.
 1 SYSTEMPATH\View\View.php(234): include()
 2 SYSTEMPATH\View\View.php(237): CodeIgniter\View\View->CodeIgniter\View\{closure}()
 3 SYSTEMPATH\View\View.php(487): CodeIgniter\View\View->render('components/top_layer', null, true)
 4 APPPATH\Views\layout\landing_layout.php(1): CodeIgniter\View\View->include('components/top_layer')
 5 SYSTEMPATH\View\View.php(234): include('C:\\xampp\\htdocs\\WST---KeithNetic---Summative\\app\\Views\\layout\\landing_layout.php')
 6 SYSTEMPATH\View\View.php(237): CodeIgniter\View\View->CodeIgniter\View\{closure}()
 7 SYSTEMPATH\View\View.php(487): CodeIgniter\View\View->render('layout/landing_layout', null, true)
 8 APPPATH\Views\landing.php(1): CodeIgniter\View\View->include('layout/landing_layout')
 9 SYSTEMPATH\View\View.php(234): include('C:\\xampp\\htdocs\\WST---KeithNetic---Summative\\app\\Views\\landing.php')
10 SYSTEMPATH\View\View.php(237): CodeIgniter\View\View->CodeIgniter\View\{closure}()
11 SYSTEMPATH\Common.php(1171): CodeIgniter\View\View->render('landing', [], true)
12 APPPATH\Controllers\Home.php(9): view('landing')
13 SYSTEMPATH\CodeIgniter.php(933): App\Controllers\Home->landing()
14 SYSTEMPATH\CodeIgniter.php(509): CodeIgniter\CodeIgniter->runController(Object(App\Controllers\Home))
15 SYSTEMPATH\CodeIgniter.php(355): CodeIgniter\CodeIgniter->handleRequest(null, Object(Config\Cache), false)
16 SYSTEMPATH\Boot.php(325): CodeIgniter\CodeIgniter->run()
17 SYSTEMPATH\Boot.php(67): CodeIgniter\Boot::runCodeIgniter(Object(CodeIgniter\CodeIgniter))
18 FCPATH\index.php(56): CodeIgniter\Boot::bootWeb(Object(Config\Paths))
CRITICAL - 2024-11-20 15:06:59 --> Error: Undefined constant "CSS"
[Method: GET, Route: landing]
in APPPATH\Views\components\top_layer.php on line 20.
 1 SYSTEMPATH\View\View.php(234): include()
 2 SYSTEMPATH\View\View.php(237): CodeIgniter\View\View->CodeIgniter\View\{closure}()
 3 SYSTEMPATH\View\View.php(487): CodeIgniter\View\View->render('components/top_layer', null, true)
 4 APPPATH\Views\layout\landing_layout.php(1): CodeIgniter\View\View->include('components/top_layer')
 5 SYSTEMPATH\View\View.php(234): include('C:\\xampp\\htdocs\\WST---KeithNetic---Summative\\app\\Views\\layout\\landing_layout.php')
 6 SYSTEMPATH\View\View.php(237): CodeIgniter\View\View->CodeIgniter\View\{closure}()
 7 SYSTEMPATH\View\View.php(487): CodeIgniter\View\View->render('layout/landing_layout', null, true)
 8 APPPATH\Views\landing.php(1): CodeIgniter\View\View->include('layout/landing_layout')
 9 SYSTEMPATH\View\View.php(234): include('C:\\xampp\\htdocs\\WST---KeithNetic---Summative\\app\\Views\\landing.php')
10 SYSTEMPATH\View\View.php(237): CodeIgniter\View\View->CodeIgniter\View\{closure}()
11 SYSTEMPATH\Common.php(1171): CodeIgniter\View\View->render('landing', [], true)
12 APPPATH\Controllers\Home.php(9): view('landing')
13 SYSTEMPATH\CodeIgniter.php(933): App\Controllers\Home->landing()
14 SYSTEMPATH\CodeIgniter.php(509): CodeIgniter\CodeIgniter->runController(Object(App\Controllers\Home))
15 SYSTEMPATH\CodeIgniter.php(355): CodeIgniter\CodeIgniter->handleRequest(null, Object(Config\Cache), false)
16 SYSTEMPATH\Boot.php(325): CodeIgniter\CodeIgniter->run()
17 SYSTEMPATH\Boot.php(67): CodeIgniter\Boot::runCodeIgniter(Object(CodeIgniter\CodeIgniter))
18 FCPATH\index.php(56): CodeIgniter\Boot::bootWeb(Object(Config\Paths))
CRITICAL - 2024-11-20 15:07:00 --> Error: Undefined constant "CSS"
[Method: GET, Route: landing]
in APPPATH\Views\components\top_layer.php on line 20.
 1 SYSTEMPATH\View\View.php(234): include()
 2 SYSTEMPATH\View\View.php(237): CodeIgniter\View\View->CodeIgniter\View\{closure}()
 3 SYSTEMPATH\View\View.php(487): CodeIgniter\View\View->render('components/top_layer', null, true)
 4 APPPATH\Views\layout\landing_layout.php(1): CodeIgniter\View\View->include('components/top_layer')
 5 SYSTEMPATH\View\View.php(234): include('C:\\xampp\\htdocs\\WST---KeithNetic---Summative\\app\\Views\\layout\\landing_layout.php')
 6 SYSTEMPATH\View\View.php(237): CodeIgniter\View\View->CodeIgniter\View\{closure}()
 7 SYSTEMPATH\View\View.php(487): CodeIgniter\View\View->render('layout/landing_layout', null, true)
 8 APPPATH\Views\landing.php(1): CodeIgniter\View\View->include('layout/landing_layout')
 9 SYSTEMPATH\View\View.php(234): include('C:\\xampp\\htdocs\\WST---KeithNetic---Summative\\app\\Views\\landing.php')
10 SYSTEMPATH\View\View.php(237): CodeIgniter\View\View->CodeIgniter\View\{closure}()
11 SYSTEMPATH\Common.php(1171): CodeIgniter\View\View->render('landing', [], true)
12 APPPATH\Controllers\Home.php(9): view('landing')
13 SYSTEMPATH\CodeIgniter.php(933): App\Controllers\Home->landing()
14 SYSTEMPATH\CodeIgniter.php(509): CodeIgniter\CodeIgniter->runController(Object(App\Controllers\Home))
15 SYSTEMPATH\CodeIgniter.php(355): CodeIgniter\CodeIgniter->handleRequest(null, Object(Config\Cache), false)
16 SYSTEMPATH\Boot.php(325): CodeIgniter\CodeIgniter->run()
17 SYSTEMPATH\Boot.php(67): CodeIgniter\Boot::runCodeIgniter(Object(CodeIgniter\CodeIgniter))
18 FCPATH\index.php(56): CodeIgniter\Boot::bootWeb(Object(Config\Paths))
CRITICAL - 2024-11-20 15:07:00 --> Error: Undefined constant "CSS"
[Method: GET, Route: landing]
in APPPATH\Views\components\top_layer.php on line 20.
 1 SYSTEMPATH\View\View.php(234): include()
 2 SYSTEMPATH\View\View.php(237): CodeIgniter\View\View->CodeIgniter\View\{closure}()
 3 SYSTEMPATH\View\View.php(487): CodeIgniter\View\View->render('components/top_layer', null, true)
 4 APPPATH\Views\layout\landing_layout.php(1): CodeIgniter\View\View->include('components/top_layer')
 5 SYSTEMPATH\View\View.php(234): include('C:\\xampp\\htdocs\\WST---KeithNetic---Summative\\app\\Views\\layout\\landing_layout.php')
 6 SYSTEMPATH\View\View.php(237): CodeIgniter\View\View->CodeIgniter\View\{closure}()
 7 SYSTEMPATH\View\View.php(487): CodeIgniter\View\View->render('layout/landing_layout', null, true)
 8 APPPATH\Views\landing.php(1): CodeIgniter\View\View->include('layout/landing_layout')
 9 SYSTEMPATH\View\View.php(234): include('C:\\xampp\\htdocs\\WST---KeithNetic---Summative\\app\\Views\\landing.php')
10 SYSTEMPATH\View\View.php(237): CodeIgniter\View\View->CodeIgniter\View\{closure}()
11 SYSTEMPATH\Common.php(1171): CodeIgniter\View\View->render('landing', [], true)
12 APPPATH\Controllers\Home.php(9): view('landing')
13 SYSTEMPATH\CodeIgniter.php(933): App\Controllers\Home->landing()
14 SYSTEMPATH\CodeIgniter.php(509): CodeIgniter\CodeIgniter->runController(Object(App\Controllers\Home))
15 SYSTEMPATH\CodeIgniter.php(355): CodeIgniter\CodeIgniter->handleRequest(null, Object(Config\Cache), false)
16 SYSTEMPATH\Boot.php(325): CodeIgniter\CodeIgniter->run()
17 SYSTEMPATH\Boot.php(67): CodeIgniter\Boot::runCodeIgniter(Object(CodeIgniter\CodeIgniter))
18 FCPATH\index.php(56): CodeIgniter\Boot::bootWeb(Object(Config\Paths))
CRITICAL - 2024-11-20 15:07:00 --> Error: Undefined constant "CSS"
[Method: GET, Route: landing]
in APPPATH\Views\components\top_layer.php on line 20.
 1 SYSTEMPATH\View\View.php(234): include()
 2 SYSTEMPATH\View\View.php(237): CodeIgniter\View\View->CodeIgniter\View\{closure}()
 3 SYSTEMPATH\View\View.php(487): CodeIgniter\View\View->render('components/top_layer', null, true)
 4 APPPATH\Views\layout\landing_layout.php(1): CodeIgniter\View\View->include('components/top_layer')
 5 SYSTEMPATH\View\View.php(234): include('C:\\xampp\\htdocs\\WST---KeithNetic---Summative\\app\\Views\\layout\\landing_layout.php')
 6 SYSTEMPATH\View\View.php(237): CodeIgniter\View\View->CodeIgniter\View\{closure}()
 7 SYSTEMPATH\View\View.php(487): CodeIgniter\View\View->render('layout/landing_layout', null, true)
 8 APPPATH\Views\landing.php(1): CodeIgniter\View\View->include('layout/landing_layout')
 9 SYSTEMPATH\View\View.php(234): include('C:\\xampp\\htdocs\\WST---KeithNetic---Summative\\app\\Views\\landing.php')
10 SYSTEMPATH\View\View.php(237): CodeIgniter\View\View->CodeIgniter\View\{closure}()
11 SYSTEMPATH\Common.php(1171): CodeIgniter\View\View->render('landing', [], true)
12 APPPATH\Controllers\Home.php(9): view('landing')
13 SYSTEMPATH\CodeIgniter.php(933): App\Controllers\Home->landing()
14 SYSTEMPATH\CodeIgniter.php(509): CodeIgniter\CodeIgniter->runController(Object(App\Controllers\Home))
15 SYSTEMPATH\CodeIgniter.php(355): CodeIgniter\CodeIgniter->handleRequest(null, Object(Config\Cache), false)
16 SYSTEMPATH\Boot.php(325): CodeIgniter\CodeIgniter->run()
17 SYSTEMPATH\Boot.php(67): CodeIgniter\Boot::runCodeIgniter(Object(CodeIgniter\CodeIgniter))
18 FCPATH\index.php(56): CodeIgniter\Boot::bootWeb(Object(Config\Paths))
CRITICAL - 2024-11-20 15:07:00 --> Error: Undefined constant "CSS"
[Method: GET, Route: landing]
in APPPATH\Views\components\top_layer.php on line 20.
 1 SYSTEMPATH\View\View.php(234): include()
 2 SYSTEMPATH\View\View.php(237): CodeIgniter\View\View->CodeIgniter\View\{closure}()
 3 SYSTEMPATH\View\View.php(487): CodeIgniter\View\View->render('components/top_layer', null, true)
 4 APPPATH\Views\layout\landing_layout.php(1): CodeIgniter\View\View->include('components/top_layer')
 5 SYSTEMPATH\View\View.php(234): include('C:\\xampp\\htdocs\\WST---KeithNetic---Summative\\app\\Views\\layout\\landing_layout.php')
 6 SYSTEMPATH\View\View.php(237): CodeIgniter\View\View->CodeIgniter\View\{closure}()
 7 SYSTEMPATH\View\View.php(487): CodeIgniter\View\View->render('layout/landing_layout', null, true)
 8 APPPATH\Views\landing.php(1): CodeIgniter\View\View->include('layout/landing_layout')
 9 SYSTEMPATH\View\View.php(234): include('C:\\xampp\\htdocs\\WST---KeithNetic---Summative\\app\\Views\\landing.php')
10 SYSTEMPATH\View\View.php(237): CodeIgniter\View\View->CodeIgniter\View\{closure}()
11 SYSTEMPATH\Common.php(1171): CodeIgniter\View\View->render('landing', [], true)
12 APPPATH\Controllers\Home.php(9): view('landing')
13 SYSTEMPATH\CodeIgniter.php(933): App\Controllers\Home->landing()
14 SYSTEMPATH\CodeIgniter.php(509): CodeIgniter\CodeIgniter->runController(Object(App\Controllers\Home))
15 SYSTEMPATH\CodeIgniter.php(355): CodeIgniter\CodeIgniter->handleRequest(null, Object(Config\Cache), false)
16 SYSTEMPATH\Boot.php(325): CodeIgniter\CodeIgniter->run()
17 SYSTEMPATH\Boot.php(67): CodeIgniter\Boot::runCodeIgniter(Object(CodeIgniter\CodeIgniter))
18 FCPATH\index.php(56): CodeIgniter\Boot::bootWeb(Object(Config\Paths))
CRITICAL - 2024-11-20 15:07:00 --> Error: Undefined constant "CSS"
[Method: GET, Route: landing]
in APPPATH\Views\components\top_layer.php on line 20.
 1 SYSTEMPATH\View\View.php(234): include()
 2 SYSTEMPATH\View\View.php(237): CodeIgniter\View\View->CodeIgniter\View\{closure}()
 3 SYSTEMPATH\View\View.php(487): CodeIgniter\View\View->render('components/top_layer', null, true)
 4 APPPATH\Views\layout\landing_layout.php(1): CodeIgniter\View\View->include('components/top_layer')
 5 SYSTEMPATH\View\View.php(234): include('C:\\xampp\\htdocs\\WST---KeithNetic---Summative\\app\\Views\\layout\\landing_layout.php')
 6 SYSTEMPATH\View\View.php(237): CodeIgniter\View\View->CodeIgniter\View\{closure}()
 7 SYSTEMPATH\View\View.php(487): CodeIgniter\View\View->render('layout/landing_layout', null, true)
 8 APPPATH\Views\landing.php(1): CodeIgniter\View\View->include('layout/landing_layout')
 9 SYSTEMPATH\View\View.php(234): include('C:\\xampp\\htdocs\\WST---KeithNetic---Summative\\app\\Views\\landing.php')
10 SYSTEMPATH\View\View.php(237): CodeIgniter\View\View->CodeIgniter\View\{closure}()
11 SYSTEMPATH\Common.php(1171): CodeIgniter\View\View->render('landing', [], true)
12 APPPATH\Controllers\Home.php(9): view('landing')
13 SYSTEMPATH\CodeIgniter.php(933): App\Controllers\Home->landing()
14 SYSTEMPATH\CodeIgniter.php(509): CodeIgniter\CodeIgniter->runController(Object(App\Controllers\Home))
15 SYSTEMPATH\CodeIgniter.php(355): CodeIgniter\CodeIgniter->handleRequest(null, Object(Config\Cache), false)
16 SYSTEMPATH\Boot.php(325): CodeIgniter\CodeIgniter->run()
17 SYSTEMPATH\Boot.php(67): CodeIgniter\Boot::runCodeIgniter(Object(CodeIgniter\CodeIgniter))
18 FCPATH\index.php(56): CodeIgniter\Boot::bootWeb(Object(Config\Paths))
CRITICAL - 2024-11-20 15:07:00 --> Error: Undefined constant "CSS"
[Method: GET, Route: landing]
in APPPATH\Views\components\top_layer.php on line 20.
 1 SYSTEMPATH\View\View.php(234): include()
 2 SYSTEMPATH\View\View.php(237): CodeIgniter\View\View->CodeIgniter\View\{closure}()
 3 SYSTEMPATH\View\View.php(487): CodeIgniter\View\View->render('components/top_layer', null, true)
 4 APPPATH\Views\layout\landing_layout.php(1): CodeIgniter\View\View->include('components/top_layer')
 5 SYSTEMPATH\View\View.php(234): include('C:\\xampp\\htdocs\\WST---KeithNetic---Summative\\app\\Views\\layout\\landing_layout.php')
 6 SYSTEMPATH\View\View.php(237): CodeIgniter\View\View->CodeIgniter\View\{closure}()
 7 SYSTEMPATH\View\View.php(487): CodeIgniter\View\View->render('layout/landing_layout', null, true)
 8 APPPATH\Views\landing.php(1): CodeIgniter\View\View->include('layout/landing_layout')
 9 SYSTEMPATH\View\View.php(234): include('C:\\xampp\\htdocs\\WST---KeithNetic---Summative\\app\\Views\\landing.php')
10 SYSTEMPATH\View\View.php(237): CodeIgniter\View\View->CodeIgniter\View\{closure}()
11 SYSTEMPATH\Common.php(1171): CodeIgniter\View\View->render('landing', [], true)
12 APPPATH\Controllers\Home.php(9): view('landing')
13 SYSTEMPATH\CodeIgniter.php(933): App\Controllers\Home->landing()
14 SYSTEMPATH\CodeIgniter.php(509): CodeIgniter\CodeIgniter->runController(Object(App\Controllers\Home))
15 SYSTEMPATH\CodeIgniter.php(355): CodeIgniter\CodeIgniter->handleRequest(null, Object(Config\Cache), false)
16 SYSTEMPATH\Boot.php(325): CodeIgniter\CodeIgniter->run()
17 SYSTEMPATH\Boot.php(67): CodeIgniter\Boot::runCodeIgniter(Object(CodeIgniter\CodeIgniter))
18 FCPATH\index.php(56): CodeIgniter\Boot::bootWeb(Object(Config\Paths))
CRITICAL - 2024-11-20 15:07:00 --> Error: Undefined constant "CSS"
[Method: GET, Route: landing]
in APPPATH\Views\components\top_layer.php on line 20.
 1 SYSTEMPATH\View\View.php(234): include()
 2 SYSTEMPATH\View\View.php(237): CodeIgniter\View\View->CodeIgniter\View\{closure}()
 3 SYSTEMPATH\View\View.php(487): CodeIgniter\View\View->render('components/top_layer', null, true)
 4 APPPATH\Views\layout\landing_layout.php(1): CodeIgniter\View\View->include('components/top_layer')
 5 SYSTEMPATH\View\View.php(234): include('C:\\xampp\\htdocs\\WST---KeithNetic---Summative\\app\\Views\\layout\\landing_layout.php')
 6 SYSTEMPATH\View\View.php(237): CodeIgniter\View\View->CodeIgniter\View\{closure}()
 7 SYSTEMPATH\View\View.php(487): CodeIgniter\View\View->render('layout/landing_layout', null, true)
 8 APPPATH\Views\landing.php(1): CodeIgniter\View\View->include('layout/landing_layout')
 9 SYSTEMPATH\View\View.php(234): include('C:\\xampp\\htdocs\\WST---KeithNetic---Summative\\app\\Views\\landing.php')
10 SYSTEMPATH\View\View.php(237): CodeIgniter\View\View->CodeIgniter\View\{closure}()
11 SYSTEMPATH\Common.php(1171): CodeIgniter\View\View->render('landing', [], true)
12 APPPATH\Controllers\Home.php(9): view('landing')
13 SYSTEMPATH\CodeIgniter.php(933): App\Controllers\Home->landing()
14 SYSTEMPATH\CodeIgniter.php(509): CodeIgniter\CodeIgniter->runController(Object(App\Controllers\Home))
15 SYSTEMPATH\CodeIgniter.php(355): CodeIgniter\CodeIgniter->handleRequest(null, Object(Config\Cache), false)
16 SYSTEMPATH\Boot.php(325): CodeIgniter\CodeIgniter->run()
17 SYSTEMPATH\Boot.php(67): CodeIgniter\Boot::runCodeIgniter(Object(CodeIgniter\CodeIgniter))
18 FCPATH\index.php(56): CodeIgniter\Boot::bootWeb(Object(Config\Paths))
CRITICAL - 2024-11-20 15:07:01 --> Error: Undefined constant "CSS"
[Method: GET, Route: landing]
in APPPATH\Views\components\top_layer.php on line 20.
 1 SYSTEMPATH\View\View.php(234): include()
 2 SYSTEMPATH\View\View.php(237): CodeIgniter\View\View->CodeIgniter\View\{closure}()
 3 SYSTEMPATH\View\View.php(487): CodeIgniter\View\View->render('components/top_layer', null, true)
 4 APPPATH\Views\layout\landing_layout.php(1): CodeIgniter\View\View->include('components/top_layer')
 5 SYSTEMPATH\View\View.php(234): include('C:\\xampp\\htdocs\\WST---KeithNetic---Summative\\app\\Views\\layout\\landing_layout.php')
 6 SYSTEMPATH\View\View.php(237): CodeIgniter\View\View->CodeIgniter\View\{closure}()
 7 SYSTEMPATH\View\View.php(487): CodeIgniter\View\View->render('layout/landing_layout', null, true)
 8 APPPATH\Views\landing.php(1): CodeIgniter\View\View->include('layout/landing_layout')
 9 SYSTEMPATH\View\View.php(234): include('C:\\xampp\\htdocs\\WST---KeithNetic---Summative\\app\\Views\\landing.php')
10 SYSTEMPATH\View\View.php(237): CodeIgniter\View\View->CodeIgniter\View\{closure}()
11 SYSTEMPATH\Common.php(1171): CodeIgniter\View\View->render('landing', [], true)
12 APPPATH\Controllers\Home.php(9): view('landing')
13 SYSTEMPATH\CodeIgniter.php(933): App\Controllers\Home->landing()
14 SYSTEMPATH\CodeIgniter.php(509): CodeIgniter\CodeIgniter->runController(Object(App\Controllers\Home))
15 SYSTEMPATH\CodeIgniter.php(355): CodeIgniter\CodeIgniter->handleRequest(null, Object(Config\Cache), false)
16 SYSTEMPATH\Boot.php(325): CodeIgniter\CodeIgniter->run()
17 SYSTEMPATH\Boot.php(67): CodeIgniter\Boot::runCodeIgniter(Object(CodeIgniter\CodeIgniter))
18 FCPATH\index.php(56): CodeIgniter\Boot::bootWeb(Object(Config\Paths))
CRITICAL - 2024-11-20 15:07:59 --> Error: Undefined constant "CSS"
[Method: GET, Route: /]
in APPPATH\Views\components\top_layer.php on line 20.
 1 SYSTEMPATH\View\View.php(234): include()
 2 SYSTEMPATH\View\View.php(237): CodeIgniter\View\View->CodeIgniter\View\{closure}()
 3 SYSTEMPATH\View\View.php(487): CodeIgniter\View\View->render('components/top_layer', null, true)
 4 APPPATH\Views\layout\landing_layout.php(1): CodeIgniter\View\View->include('components/top_layer')
 5 SYSTEMPATH\View\View.php(234): include('C:\\xampp\\htdocs\\WST---KeithNetic---Summative\\app\\Views\\layout\\landing_layout.php')
 6 SYSTEMPATH\View\View.php(237): CodeIgniter\View\View->CodeIgniter\View\{closure}()
 7 SYSTEMPATH\View\View.php(487): CodeIgniter\View\View->render('layout/landing_layout', null, true)
 8 APPPATH\Views\landing.php(1): CodeIgniter\View\View->include('layout/landing_layout')
 9 SYSTEMPATH\View\View.php(234): include('C:\\xampp\\htdocs\\WST---KeithNetic---Summative\\app\\Views\\landing.php')
10 SYSTEMPATH\View\View.php(237): CodeIgniter\View\View->CodeIgniter\View\{closure}()
11 SYSTEMPATH\Common.php(1171): CodeIgniter\View\View->render('landing', [], true)
12 APPPATH\Controllers\Home.php(9): view('landing')
13 SYSTEMPATH\CodeIgniter.php(933): App\Controllers\Home->landing()
14 SYSTEMPATH\CodeIgniter.php(509): CodeIgniter\CodeIgniter->runController(Object(App\Controllers\Home))
15 SYSTEMPATH\CodeIgniter.php(355): CodeIgniter\CodeIgniter->handleRequest(null, Object(Config\Cache), false)
16 SYSTEMPATH\Boot.php(325): CodeIgniter\CodeIgniter->run()
17 SYSTEMPATH\Boot.php(67): CodeIgniter\Boot::runCodeIgniter(Object(CodeIgniter\CodeIgniter))
18 FCPATH\index.php(56): CodeIgniter\Boot::bootWeb(Object(Config\Paths))
CRITICAL - 2024-11-20 15:10:28 --> Error: Undefined constant "CSS"
[Method: GET, Route: /]
in APPPATH\Views\components\top_layer.php on line 20.
 1 SYSTEMPATH\View\View.php(234): include()
 2 SYSTEMPATH\View\View.php(237): CodeIgniter\View\View->CodeIgniter\View\{closure}()
 3 SYSTEMPATH\View\View.php(487): CodeIgniter\View\View->render('components/top_layer', null, true)
 4 APPPATH\Views\layout\landing_layout.php(1): CodeIgniter\View\View->include('components/top_layer')
 5 SYSTEMPATH\View\View.php(234): include('C:\\xampp\\htdocs\\WST---KeithNetic---Summative\\app\\Views\\layout\\landing_layout.php')
 6 SYSTEMPATH\View\View.php(237): CodeIgniter\View\View->CodeIgniter\View\{closure}()
 7 SYSTEMPATH\View\View.php(487): CodeIgniter\View\View->render('layout/landing_layout', null, true)
 8 APPPATH\Views\landing.php(1): CodeIgniter\View\View->include('layout/landing_layout')
 9 SYSTEMPATH\View\View.php(234): include('C:\\xampp\\htdocs\\WST---KeithNetic---Summative\\app\\Views\\landing.php')
10 SYSTEMPATH\View\View.php(237): CodeIgniter\View\View->CodeIgniter\View\{closure}()
11 SYSTEMPATH\Common.php(1171): CodeIgniter\View\View->render('landing', [], true)
12 APPPATH\Controllers\Home.php(9): view('landing')
13 SYSTEMPATH\CodeIgniter.php(933): App\Controllers\Home->landing()
14 SYSTEMPATH\CodeIgniter.php(509): CodeIgniter\CodeIgniter->runController(Object(App\Controllers\Home))
15 SYSTEMPATH\CodeIgniter.php(355): CodeIgniter\CodeIgniter->handleRequest(null, Object(Config\Cache), false)
16 SYSTEMPATH\Boot.php(325): CodeIgniter\CodeIgniter->run()
17 SYSTEMPATH\Boot.php(67): CodeIgniter\Boot::runCodeIgniter(Object(CodeIgniter\CodeIgniter))
18 FCPATH\index.php(56): CodeIgniter\Boot::bootWeb(Object(Config\Paths))
CRITICAL - 2024-11-20 15:10:28 --> Error: Undefined constant "CSS"
[Method: GET, Route: /]
in APPPATH\Views\components\top_layer.php on line 20.
 1 SYSTEMPATH\View\View.php(234): include()
 2 SYSTEMPATH\View\View.php(237): CodeIgniter\View\View->CodeIgniter\View\{closure}()
 3 SYSTEMPATH\View\View.php(487): CodeIgniter\View\View->render('components/top_layer', null, true)
 4 APPPATH\Views\layout\landing_layout.php(1): CodeIgniter\View\View->include('components/top_layer')
 5 SYSTEMPATH\View\View.php(234): include('C:\\xampp\\htdocs\\WST---KeithNetic---Summative\\app\\Views\\layout\\landing_layout.php')
 6 SYSTEMPATH\View\View.php(237): CodeIgniter\View\View->CodeIgniter\View\{closure}()
 7 SYSTEMPATH\View\View.php(487): CodeIgniter\View\View->render('layout/landing_layout', null, true)
 8 APPPATH\Views\landing.php(1): CodeIgniter\View\View->include('layout/landing_layout')
 9 SYSTEMPATH\View\View.php(234): include('C:\\xampp\\htdocs\\WST---KeithNetic---Summative\\app\\Views\\landing.php')
10 SYSTEMPATH\View\View.php(237): CodeIgniter\View\View->CodeIgniter\View\{closure}()
11 SYSTEMPATH\Common.php(1171): CodeIgniter\View\View->render('landing', [], true)
12 APPPATH\Controllers\Home.php(9): view('landing')
13 SYSTEMPATH\CodeIgniter.php(933): App\Controllers\Home->landing()
14 SYSTEMPATH\CodeIgniter.php(509): CodeIgniter\CodeIgniter->runController(Object(App\Controllers\Home))
15 SYSTEMPATH\CodeIgniter.php(355): CodeIgniter\CodeIgniter->handleRequest(null, Object(Config\Cache), false)
16 SYSTEMPATH\Boot.php(325): CodeIgniter\CodeIgniter->run()
17 SYSTEMPATH\Boot.php(67): CodeIgniter\Boot::runCodeIgniter(Object(CodeIgniter\CodeIgniter))
18 FCPATH\index.php(56): CodeIgniter\Boot::bootWeb(Object(Config\Paths))
CRITICAL - 2024-11-20 15:10:28 --> Error: Undefined constant "CSS"
[Method: GET, Route: /]
in APPPATH\Views\components\top_layer.php on line 20.
 1 SYSTEMPATH\View\View.php(234): include()
 2 SYSTEMPATH\View\View.php(237): CodeIgniter\View\View->CodeIgniter\View\{closure}()
 3 SYSTEMPATH\View\View.php(487): CodeIgniter\View\View->render('components/top_layer', null, true)
 4 APPPATH\Views\layout\landing_layout.php(1): CodeIgniter\View\View->include('components/top_layer')
 5 SYSTEMPATH\View\View.php(234): include('C:\\xampp\\htdocs\\WST---KeithNetic---Summative\\app\\Views\\layout\\landing_layout.php')
 6 SYSTEMPATH\View\View.php(237): CodeIgniter\View\View->CodeIgniter\View\{closure}()
 7 SYSTEMPATH\View\View.php(487): CodeIgniter\View\View->render('layout/landing_layout', null, true)
 8 APPPATH\Views\landing.php(1): CodeIgniter\View\View->include('layout/landing_layout')
 9 SYSTEMPATH\View\View.php(234): include('C:\\xampp\\htdocs\\WST---KeithNetic---Summative\\app\\Views\\landing.php')
10 SYSTEMPATH\View\View.php(237): CodeIgniter\View\View->CodeIgniter\View\{closure}()
11 SYSTEMPATH\Common.php(1171): CodeIgniter\View\View->render('landing', [], true)
12 APPPATH\Controllers\Home.php(9): view('landing')
13 SYSTEMPATH\CodeIgniter.php(933): App\Controllers\Home->landing()
14 SYSTEMPATH\CodeIgniter.php(509): CodeIgniter\CodeIgniter->runController(Object(App\Controllers\Home))
15 SYSTEMPATH\CodeIgniter.php(355): CodeIgniter\CodeIgniter->handleRequest(null, Object(Config\Cache), false)
16 SYSTEMPATH\Boot.php(325): CodeIgniter\CodeIgniter->run()
17 SYSTEMPATH\Boot.php(67): CodeIgniter\Boot::runCodeIgniter(Object(CodeIgniter\CodeIgniter))
18 FCPATH\index.php(56): CodeIgniter\Boot::bootWeb(Object(Config\Paths))
CRITICAL - 2024-11-20 15:10:29 --> Error: Undefined constant "CSS"
[Method: GET, Route: /]
in APPPATH\Views\components\top_layer.php on line 20.
 1 SYSTEMPATH\View\View.php(234): include()
 2 SYSTEMPATH\View\View.php(237): CodeIgniter\View\View->CodeIgniter\View\{closure}()
 3 SYSTEMPATH\View\View.php(487): CodeIgniter\View\View->render('components/top_layer', null, true)
 4 APPPATH\Views\layout\landing_layout.php(1): CodeIgniter\View\View->include('components/top_layer')
 5 SYSTEMPATH\View\View.php(234): include('C:\\xampp\\htdocs\\WST---KeithNetic---Summative\\app\\Views\\layout\\landing_layout.php')
 6 SYSTEMPATH\View\View.php(237): CodeIgniter\View\View->CodeIgniter\View\{closure}()
 7 SYSTEMPATH\View\View.php(487): CodeIgniter\View\View->render('layout/landing_layout', null, true)
 8 APPPATH\Views\landing.php(1): CodeIgniter\View\View->include('layout/landing_layout')
 9 SYSTEMPATH\View\View.php(234): include('C:\\xampp\\htdocs\\WST---KeithNetic---Summative\\app\\Views\\landing.php')
10 SYSTEMPATH\View\View.php(237): CodeIgniter\View\View->CodeIgniter\View\{closure}()
11 SYSTEMPATH\Common.php(1171): CodeIgniter\View\View->render('landing', [], true)
12 APPPATH\Controllers\Home.php(9): view('landing')
13 SYSTEMPATH\CodeIgniter.php(933): App\Controllers\Home->landing()
14 SYSTEMPATH\CodeIgniter.php(509): CodeIgniter\CodeIgniter->runController(Object(App\Controllers\Home))
15 SYSTEMPATH\CodeIgniter.php(355): CodeIgniter\CodeIgniter->handleRequest(null, Object(Config\Cache), false)
16 SYSTEMPATH\Boot.php(325): CodeIgniter\CodeIgniter->run()
17 SYSTEMPATH\Boot.php(67): CodeIgniter\Boot::runCodeIgniter(Object(CodeIgniter\CodeIgniter))
18 FCPATH\index.php(56): CodeIgniter\Boot::bootWeb(Object(Config\Paths))
CRITICAL - 2024-11-20 15:43:40 --> CodeIgniter\HTTP\Exceptions\BadRequestException: The URI you submitted has disallowed characters: "eljhay(1).jpeg"
[Method: GET, Route: public/images/eljhay%281%29.jpeg]
in SYSTEMPATH\Router\Router.php on line 737.
 1 SYSTEMPATH\Router\Router.php(204): CodeIgniter\Router\Router->checkDisallowedChars('public/images/eljhay(1).jpeg')
 2 SYSTEMPATH\CodeIgniter.php(834): CodeIgniter\Router\Router->handle('public/images/eljhay(1).jpeg')
 3 SYSTEMPATH\CodeIgniter.php(457): CodeIgniter\CodeIgniter->tryToRouteIt(Object(CodeIgniter\Router\RouteCollection))
 4 SYSTEMPATH\CodeIgniter.php(355): CodeIgniter\CodeIgniter->handleRequest(null, Object(Config\Cache), false)
 5 SYSTEMPATH\Boot.php(325): CodeIgniter\CodeIgniter->run()
 6 SYSTEMPATH\Boot.php(67): CodeIgniter\Boot::runCodeIgniter(Object(CodeIgniter\CodeIgniter))
 7 FCPATH\index.php(56): CodeIgniter\Boot::bootWeb(Object(Config\Paths))
